 DEBUG mpjdaemon  - mpjHomeDir /users/dbc/soft/mpj-v0_35P02
 DEBUG mpjdaemon  -  args[0] 10000
 DEBUG mpjdaemon  - setting daemon port to10000
 DEBUG mpjdaemon  - mpjHomeDir /users/dbc/soft/mpj-v0_35P02
 DEBUG mpjdaemon  -  args[0] 10000
 DEBUG mpjdaemon  - setting daemon port to10000
 DEBUG mpjdaemon  - READ_EVENT (String)<url->
 DEBUG mpjdaemon  - url-
 DEBUG mpjdaemon  - URL Length -->24
 DEBUG mpjdaemon  - URL:<http://10.30.0.23:15000/>
 DEBUG mpjdaemon  - READ_EVENT (String)<num->
 DEBUG mpjdaemon  - num-
 DEBUG mpjdaemon  - should be 4, isit ? -->4
 DEBUG mpjdaemon  - Num of processes ==>2
 DEBUG mpjdaemon  - READ_EVENT (String)<arg->
 DEBUG mpjdaemon  - arg-
 DEBUG mpjdaemon  - argu len -->0
 DEBUG mpjdaemon  - READ_EVENT (String)<wdr->
 DEBUG mpjdaemon  - wdr-
 DEBUG mpjdaemon  - wdr-Length -->25
 DEBUG mpjdaemon  - wdir :</users/dbc/creche/mpjuser>
 DEBUG mpjdaemon  - READ_EVENT (String)<cls->
 DEBUG mpjdaemon  - cls-
 DEBUG mpjdaemon  - className length -->10
 DEBUG mpjdaemon  - className :<HelloWorld>
 DEBUG mpjdaemon  - READ_EVENT (String)<mul->
 DEBUG mpjdaemon  - mul-
 DEBUG mpjdaemon  - URL Length -->31
 DEBUG mpjdaemon  - mpjURL:<http://10.30.0.23:15001/mpj.jar>
 DEBUG mpjdaemon  - READ_EVENT (String)<dev->
 DEBUG mpjdaemon  - dev-
 DEBUG mpjdaemon  - dev-Length -->6
 DEBUG mpjdaemon  - Device Name :<niodev>
 DEBUG mpjdaemon  - READ_EVENT (String)<ldr->
 DEBUG mpjdaemon  - ldr-
 DEBUG mpjdaemon  - ldr-Length -->15
 DEBUG mpjdaemon  - ldr:<useRemoteLoader>
 DEBUG mpjdaemon  - READ_EVENT (String)<app->
 DEBUG mpjdaemon  - app-
 DEBUG mpjdaemon  - Application args Length -->0
 DEBUG mpjdaemon  - READ_EVENT (String)<*GO*>
 DEBUG mpjdaemon  - GO
 DEBUG mpjdaemon  - line read <# Number of Processes>
 DEBUG mpjdaemon  - line read <2>
 DEBUG mpjdaemon  - line read <# Protocol Switch Limit>
 DEBUG mpjdaemon  - line read <131072>
 DEBUG mpjdaemon  - line read <# Entry, HOST_NAME/IP@SERVERPORT@RANK>
 DEBUG mpjdaemon  - line read <login3@20000@0>
 DEBUG mpjdaemon  - rank_ 0
 DEBUG mpjdaemon  - modified: jArgs[0]=-cp
 DEBUG mpjdaemon  - modified: jArgs[1]=/users/dbc/soft/mpj-v0_35P02/lib/loader1.jar:/users/dbc/soft/mpj-v0_35P02/lib/log4j-1.2.11.jar:/users/dbc/soft/mpj-v0_35P02/lib/wrapper.jar
 DEBUG mpjdaemon  - 0: java
 DEBUG mpjdaemon  - 1: -cp
 DEBUG mpjdaemon  - 2: /users/dbc/soft/mpj-v0_35P02/lib/loader1.jar:/users/dbc/soft/mpj-v0_35P02/lib/log4j-1.2.11.jar:/users/dbc/soft/mpj-v0_35P02/lib/wrapper.jar
 DEBUG mpjdaemon  - 3: runtime.daemon.Wrapper
 DEBUG mpjdaemon  - 4: http://10.30.0.23:15000/
 DEBUG mpjdaemon  - 5: 2
 DEBUG mpjdaemon  - 6: niodev
 DEBUG mpjdaemon  - 7: 0
 DEBUG mpjdaemon  - 8: useRemoteLoader
 DEBUG mpjdaemon  - 9: http://10.30.0.23:15001/mpj.jar
 DEBUG mpjdaemon  - 10: HelloWorld
 DEBUG mpjdaemon  - 0: java
 DEBUG mpjdaemon  - 1: -cp
 DEBUG mpjdaemon  - 2: /users/dbc/soft/mpj-v0_35P02/lib/loader1.jar:/users/dbc/soft/mpj-v0_35P02/lib/log4j-1.2.11.jar:/users/dbc/soft/mpj-v0_35P02/lib/wrapper.jar
 DEBUG mpjdaemon  - 3: runtime.daemon.Wrapper
 DEBUG mpjdaemon  - 4: http://10.30.0.23:15000/
 DEBUG mpjdaemon  - 5: 2
 DEBUG mpjdaemon  - 6: niodev
 DEBUG mpjdaemon  - 7: 0
 DEBUG mpjdaemon  - 8: useRemoteLoader
 DEBUG mpjdaemon  - 9: http://10.30.0.23:15001/mpj.jar
 DEBUG mpjdaemon  - 10: HelloWorld
 DEBUG mpjdaemon  - starting the process 
 DEBUG mpjdaemon  - started the process 
 DEBUG mpjdaemon  - line read <login3@20002@1>
 DEBUG mpjdaemon  - rank_ 1
 DEBUG mpjdaemon  - jArgs[0]=-cp
 DEBUG mpjdaemon  - jArgs[1]=/users/dbc/soft/mpj-v0_35P02/lib/loader1.jar:/users/dbc/soft/mpj-v0_35P02/lib/log4j-1.2.11.jar:/users/dbc/soft/mpj-v0_35P02/lib/wrapper.jar
 DEBUG mpjdaemon  - modified: jArgs[0]=-cp
 DEBUG mpjdaemon  - modified: jArgs[1]=/users/dbc/soft/mpj-v0_35P02/lib/loader1.jar:/users/dbc/soft/mpj-v0_35P02/lib/log4j-1.2.11.jar:/users/dbc/soft/mpj-v0_35P02/lib/wrapper.jar:/users/dbc/soft/mpj-v0_35P02/lib/loader1.jar:/users/dbc/soft/mpj-v0_35P02/lib/log4j-1.2.11.jar:/users/dbc/soft/mpj-v0_35P02/lib/wrapper.jar
 DEBUG mpjdaemon  - 0: java
 DEBUG mpjdaemon  - 1: -cp
 DEBUG mpjdaemon  - 2: /users/dbc/soft/mpj-v0_35P02/lib/loader1.jar:/users/dbc/soft/mpj-v0_35P02/lib/log4j-1.2.11.jar:/users/dbc/soft/mpj-v0_35P02/lib/wrapper.jar:/users/dbc/soft/mpj-v0_35P02/lib/loader1.jar:/users/dbc/soft/mpj-v0_35P02/lib/log4j-1.2.11.jar:/users/dbc/soft/mpj-v0_35P02/lib/wrapper.jar
 DEBUG mpjdaemon  - 3: runtime.daemon.Wrapper
 DEBUG mpjdaemon  - 4: http://10.30.0.23:15000/
 DEBUG mpjdaemon  - 5: 2
 DEBUG mpjdaemon  - 6: niodev
 DEBUG mpjdaemon  - 7: 1
 DEBUG mpjdaemon  - 8: useRemoteLoader
 DEBUG mpjdaemon  - 9: http://10.30.0.23:15001/mpj.jar
 DEBUG mpjdaemon  - 10: HelloWorld
 DEBUG mpjdaemon  - 0: java
 DEBUG mpjdaemon  - 1: -cp
 DEBUG mpjdaemon  - 2: /users/dbc/soft/mpj-v0_35P02/lib/loader1.jar:/users/dbc/soft/mpj-v0_35P02/lib/log4j-1.2.11.jar:/users/dbc/soft/mpj-v0_35P02/lib/wrapper.jar:/users/dbc/soft/mpj-v0_35P02/lib/loader1.jar:/users/dbc/soft/mpj-v0_35P02/lib/log4j-1.2.11.jar:/users/dbc/soft/mpj-v0_35P02/lib/wrapper.jar
 DEBUG mpjdaemon  - 3: runtime.daemon.Wrapper
 DEBUG mpjdaemon  - 4: http://10.30.0.23:15000/
 DEBUG mpjdaemon  - 5: 2
 DEBUG mpjdaemon  - 6: niodev
 DEBUG mpjdaemon  - 7: 1
 DEBUG mpjdaemon  - 8: useRemoteLoader
 DEBUG mpjdaemon  - 9: http://10.30.0.23:15001/mpj.jar
 DEBUG mpjdaemon  - 10: HelloWorld
 DEBUG mpjdaemon  - starting the process 
 DEBUG mpjdaemon  - started the process 
 DEBUG mpjdaemon  - outputting ...
 DEBUG mpjdaemon  - outputting ...
 DEBUG mpjdaemon  - Stopping the output
 DEBUG mpjdaemon  - Checking whether peerChannel is closed or what ?Socket[addr=/10.30.0.23,port=56270,localport=10000]
 DEBUG mpjdaemon  - Closing it ...Socket[addr=/10.30.0.23,port=56270,localport=10000]
 DEBUG mpjdaemon  - Was already closed, or i closed it
 DEBUG mpjdaemon  - 

 ** .. execution ends .. ** 


 DEBUG mpjdaemon  - mpjHomeDir /users/dbc/soft/mpj-v0_35P02
 DEBUG mpjdaemon  -  args[0] 10000
 DEBUG mpjdaemon  - setting daemon port to10000
 DEBUG mpjdaemon  - READ_EVENT (String)<url->
 DEBUG mpjdaemon  - url-
 DEBUG mpjdaemon  - URL Length -->24
 DEBUG mpjdaemon  - URL:<http://10.30.0.23:15000/>
 DEBUG mpjdaemon  - READ_EVENT (String)<num->
 DEBUG mpjdaemon  - num-
 DEBUG mpjdaemon  - should be 4, isit ? -->4
 DEBUG mpjdaemon  - Num of processes ==>2
 DEBUG mpjdaemon  - READ_EVENT (String)<arg->
 DEBUG mpjdaemon  - arg-
 DEBUG mpjdaemon  - argu len -->0
 DEBUG mpjdaemon  - READ_EVENT (String)<wdr->
 DEBUG mpjdaemon  - wdr-
 DEBUG mpjdaemon  - wdr-Length -->25
 DEBUG mpjdaemon  - wdir :</users/dbc/creche/mpjuser>
 DEBUG mpjdaemon  - READ_EVENT (String)<cls->
 DEBUG mpjdaemon  - cls-
 DEBUG mpjdaemon  - className length -->10
 DEBUG mpjdaemon  - className :<HelloWorld>
 DEBUG mpjdaemon  - READ_EVENT (String)<mul->
 DEBUG mpjdaemon  - mul-
 DEBUG mpjdaemon  - URL Length -->31
 DEBUG mpjdaemon  - mpjURL:<http://10.30.0.23:15001/mpj.jar>
 DEBUG mpjdaemon  - READ_EVENT (String)<dev->
 DEBUG mpjdaemon  - dev-
 DEBUG mpjdaemon  - dev-Length -->6
 DEBUG mpjdaemon  - Device Name :<niodev>
 DEBUG mpjdaemon  - READ_EVENT (String)<ldr->
 DEBUG mpjdaemon  - ldr-
 DEBUG mpjdaemon  - ldr-Length -->15
 DEBUG mpjdaemon  - ldr:<useRemoteLoader>
 DEBUG mpjdaemon  - READ_EVENT (String)<app->
 DEBUG mpjdaemon  - app-
 DEBUG mpjdaemon  - Application args Length -->0
 DEBUG mpjdaemon  - READ_EVENT (String)<*GO*>
 DEBUG mpjdaemon  - GO
 DEBUG mpjdaemon  - line read <# Number of Processes>
 DEBUG mpjdaemon  - line read <2>
 DEBUG mpjdaemon  - line read <# Protocol Switch Limit>
 DEBUG mpjdaemon  - line read <131072>
 DEBUG mpjdaemon  - line read <# Entry, HOST_NAME/IP@SERVERPORT@RANK>
 DEBUG mpjdaemon  - line read <login3@20000@0>
 DEBUG mpjdaemon  - rank_ 0
 DEBUG mpjdaemon  - modified: jArgs[0]=-cp
 DEBUG mpjdaemon  - modified: jArgs[1]=/users/dbc/soft/mpj-v0_35P02/lib/loader1.jar:/users/dbc/soft/mpj-v0_35P02/lib/log4j-1.2.11.jar:/users/dbc/soft/mpj-v0_35P02/lib/wrapper.jar
 DEBUG mpjdaemon  - 0: java
 DEBUG mpjdaemon  - 1: -cp
 DEBUG mpjdaemon  - 2: /users/dbc/soft/mpj-v0_35P02/lib/loader1.jar:/users/dbc/soft/mpj-v0_35P02/lib/log4j-1.2.11.jar:/users/dbc/soft/mpj-v0_35P02/lib/wrapper.jar
 DEBUG mpjdaemon  - 3: runtime.daemon.Wrapper
 DEBUG mpjdaemon  - 4: http://10.30.0.23:15000/
 DEBUG mpjdaemon  - 5: 2
 DEBUG mpjdaemon  - 6: niodev
 DEBUG mpjdaemon  - 7: 0
 DEBUG mpjdaemon  - 8: useRemoteLoader
 DEBUG mpjdaemon  - 9: http://10.30.0.23:15001/mpj.jar
 DEBUG mpjdaemon  - 10: HelloWorld
 DEBUG mpjdaemon  - 0: java
 DEBUG mpjdaemon  - 1: -cp
 DEBUG mpjdaemon  - 2: /users/dbc/soft/mpj-v0_35P02/lib/loader1.jar:/users/dbc/soft/mpj-v0_35P02/lib/log4j-1.2.11.jar:/users/dbc/soft/mpj-v0_35P02/lib/wrapper.jar
 DEBUG mpjdaemon  - 3: runtime.daemon.Wrapper
 DEBUG mpjdaemon  - 4: http://10.30.0.23:15000/
 DEBUG mpjdaemon  - 5: 2
 DEBUG mpjdaemon  - 6: niodev
 DEBUG mpjdaemon  - 7: 0
 DEBUG mpjdaemon  - 8: useRemoteLoader
 DEBUG mpjdaemon  - 9: http://10.30.0.23:15001/mpj.jar
 DEBUG mpjdaemon  - 10: HelloWorld
 DEBUG mpjdaemon  - starting the process 
 DEBUG mpjdaemon  - started the process 
 DEBUG mpjdaemon  - line read <login3@20002@1>
 DEBUG mpjdaemon  - rank_ 1
 DEBUG mpjdaemon  - jArgs[0]=-cp
 DEBUG mpjdaemon  - jArgs[1]=/users/dbc/soft/mpj-v0_35P02/lib/loader1.jar:/users/dbc/soft/mpj-v0_35P02/lib/log4j-1.2.11.jar:/users/dbc/soft/mpj-v0_35P02/lib/wrapper.jar
 DEBUG mpjdaemon  - modified: jArgs[0]=-cp
 DEBUG mpjdaemon  - modified: jArgs[1]=/users/dbc/soft/mpj-v0_35P02/lib/loader1.jar:/users/dbc/soft/mpj-v0_35P02/lib/log4j-1.2.11.jar:/users/dbc/soft/mpj-v0_35P02/lib/wrapper.jar:/users/dbc/soft/mpj-v0_35P02/lib/loader1.jar:/users/dbc/soft/mpj-v0_35P02/lib/log4j-1.2.11.jar:/users/dbc/soft/mpj-v0_35P02/lib/wrapper.jar
 DEBUG mpjdaemon  - 0: java
 DEBUG mpjdaemon  - 1: -cp
 DEBUG mpjdaemon  - 2: /users/dbc/soft/mpj-v0_35P02/lib/loader1.jar:/users/dbc/soft/mpj-v0_35P02/lib/log4j-1.2.11.jar:/users/dbc/soft/mpj-v0_35P02/lib/wrapper.jar:/users/dbc/soft/mpj-v0_35P02/lib/loader1.jar:/users/dbc/soft/mpj-v0_35P02/lib/log4j-1.2.11.jar:/users/dbc/soft/mpj-v0_35P02/lib/wrapper.jar
 DEBUG mpjdaemon  - 3: runtime.daemon.Wrapper
 DEBUG mpjdaemon  - 4: http://10.30.0.23:15000/
 DEBUG mpjdaemon  - 5: 2
 DEBUG mpjdaemon  - 6: niodev
 DEBUG mpjdaemon  - 7: 1
 DEBUG mpjdaemon  - 8: useRemoteLoader
 DEBUG mpjdaemon  - 9: http://10.30.0.23:15001/mpj.jar
 DEBUG mpjdaemon  - 10: HelloWorld
 DEBUG mpjdaemon  - 0: java
 DEBUG mpjdaemon  - 1: -cp
 DEBUG mpjdaemon  - 2: /users/dbc/soft/mpj-v0_35P02/lib/loader1.jar:/users/dbc/soft/mpj-v0_35P02/lib/log4j-1.2.11.jar:/users/dbc/soft/mpj-v0_35P02/lib/wrapper.jar:/users/dbc/soft/mpj-v0_35P02/lib/loader1.jar:/users/dbc/soft/mpj-v0_35P02/lib/log4j-1.2.11.jar:/users/dbc/soft/mpj-v0_35P02/lib/wrapper.jar
 DEBUG mpjdaemon  - 3: runtime.daemon.Wrapper
 DEBUG mpjdaemon  - 4: http://10.30.0.23:15000/
 DEBUG mpjdaemon  - 5: 2
 DEBUG mpjdaemon  - 6: niodev
 DEBUG mpjdaemon  - 7: 1
 DEBUG mpjdaemon  - 8: useRemoteLoader
 DEBUG mpjdaemon  - 9: http://10.30.0.23:15001/mpj.jar
 DEBUG mpjdaemon  - 10: HelloWorld
 DEBUG mpjdaemon  - starting the process 
 DEBUG mpjdaemon  - started the process 
 DEBUG mpjdaemon  - outputting ...
 DEBUG mpjdaemon  - outputting ...
 DEBUG mpjdaemon  - Stopping the output
 DEBUG mpjdaemon  - Checking whether peerChannel is closed or what ?Socket[addr=/10.30.0.23,port=56547,localport=10000]
 DEBUG mpjdaemon  - Closing it ...Socket[addr=/10.30.0.23,port=56547,localport=10000]
 DEBUG mpjdaemon  - Was already closed, or i closed it
 DEBUG mpjdaemon  - 

 ** .. execution ends .. ** 


 DEBUG mpjdaemon  - READ_EVENT (String)<url->
 DEBUG mpjdaemon  - url-
 DEBUG mpjdaemon  - URL Length -->24
 DEBUG mpjdaemon  - URL:<http://10.30.0.23:15000/>
 DEBUG mpjdaemon  - READ_EVENT (String)<num->
 DEBUG mpjdaemon  - num-
 DEBUG mpjdaemon  - should be 4, isit ? -->4
 DEBUG mpjdaemon  - Num of processes ==>2
 DEBUG mpjdaemon  - READ_EVENT (String)<arg->
 DEBUG mpjdaemon  - arg-
 DEBUG mpjdaemon  - argu len -->0
 DEBUG mpjdaemon  - READ_EVENT (String)<wdr->
 DEBUG mpjdaemon  - wdr-
 DEBUG mpjdaemon  - wdr-Length -->25
 DEBUG mpjdaemon  - wdir :</users/dbc/creche/mpjuser>
 DEBUG mpjdaemon  - READ_EVENT (String)<cls->
 DEBUG mpjdaemon  - cls-
 DEBUG mpjdaemon  - className length -->10
 DEBUG mpjdaemon  - className :<HelloWorld>
 DEBUG mpjdaemon  - READ_EVENT (String)<mul->
 DEBUG mpjdaemon  - mul-
 DEBUG mpjdaemon  - URL Length -->31
 DEBUG mpjdaemon  - mpjURL:<http://10.30.0.23:15001/mpj.jar>
 DEBUG mpjdaemon  - READ_EVENT (String)<dev->
 DEBUG mpjdaemon  - dev-
 DEBUG mpjdaemon  - dev-Length -->6
 DEBUG mpjdaemon  - Device Name :<niodev>
 DEBUG mpjdaemon  - READ_EVENT (String)<ldr->
 DEBUG mpjdaemon  - ldr-
 DEBUG mpjdaemon  - ldr-Length -->15
 DEBUG mpjdaemon  - ldr:<useRemoteLoader>
 DEBUG mpjdaemon  - READ_EVENT (String)<app->
 DEBUG mpjdaemon  - app-
 DEBUG mpjdaemon  - Application args Length -->0
 DEBUG mpjdaemon  - READ_EVENT (String)<*GO*>
 DEBUG mpjdaemon  - GO
 DEBUG mpjdaemon  - line read <# Number of Processes>
 DEBUG mpjdaemon  - line read <2>
 DEBUG mpjdaemon  - line read <# Protocol Switch Limit>
 DEBUG mpjdaemon  - line read <131072>
 DEBUG mpjdaemon  - line read <# Entry, HOST_NAME/IP@SERVERPORT@RANK>
 DEBUG mpjdaemon  - line read <login3@20004@0>
 DEBUG mpjdaemon  - rank_ 0
 DEBUG mpjdaemon  - modified: jArgs[0]=-cp
 DEBUG mpjdaemon  - modified: jArgs[1]=/users/dbc/soft/mpj-v0_35P02/lib/loader1.jar:/users/dbc/soft/mpj-v0_35P02/lib/log4j-1.2.11.jar:/users/dbc/soft/mpj-v0_35P02/lib/wrapper.jar
 DEBUG mpjdaemon  - 0: java
 DEBUG mpjdaemon  - 1: -cp
 DEBUG mpjdaemon  - 2: /users/dbc/soft/mpj-v0_35P02/lib/loader1.jar:/users/dbc/soft/mpj-v0_35P02/lib/log4j-1.2.11.jar:/users/dbc/soft/mpj-v0_35P02/lib/wrapper.jar
 DEBUG mpjdaemon  - 3: runtime.daemon.Wrapper
 DEBUG mpjdaemon  - 4: http://10.30.0.23:15000/
 DEBUG mpjdaemon  - 5: 2
 DEBUG mpjdaemon  - 6: niodev
 DEBUG mpjdaemon  - 7: 0
 DEBUG mpjdaemon  - 8: useRemoteLoader
 DEBUG mpjdaemon  - 9: http://10.30.0.23:15001/mpj.jar
 DEBUG mpjdaemon  - 10: HelloWorld
 DEBUG mpjdaemon  - 0: java
 DEBUG mpjdaemon  - 1: -cp
 DEBUG mpjdaemon  - 2: /users/dbc/soft/mpj-v0_35P02/lib/loader1.jar:/users/dbc/soft/mpj-v0_35P02/lib/log4j-1.2.11.jar:/users/dbc/soft/mpj-v0_35P02/lib/wrapper.jar
 DEBUG mpjdaemon  - 3: runtime.daemon.Wrapper
 DEBUG mpjdaemon  - 4: http://10.30.0.23:15000/
 DEBUG mpjdaemon  - 5: 2
 DEBUG mpjdaemon  - 6: niodev
 DEBUG mpjdaemon  - 7: 0
 DEBUG mpjdaemon  - 8: useRemoteLoader
 DEBUG mpjdaemon  - 9: http://10.30.0.23:15001/mpj.jar
 DEBUG mpjdaemon  - 10: HelloWorld
 DEBUG mpjdaemon  - starting the process 
 DEBUG mpjdaemon  - started the process 
 DEBUG mpjdaemon  - line read <login3@20006@1>
 DEBUG mpjdaemon  - rank_ 1
 DEBUG mpjdaemon  - jArgs[0]=-cp
 DEBUG mpjdaemon  - jArgs[1]=/users/dbc/soft/mpj-v0_35P02/lib/loader1.jar:/users/dbc/soft/mpj-v0_35P02/lib/log4j-1.2.11.jar:/users/dbc/soft/mpj-v0_35P02/lib/wrapper.jar
 DEBUG mpjdaemon  - modified: jArgs[0]=-cp
 DEBUG mpjdaemon  - modified: jArgs[1]=/users/dbc/soft/mpj-v0_35P02/lib/loader1.jar:/users/dbc/soft/mpj-v0_35P02/lib/log4j-1.2.11.jar:/users/dbc/soft/mpj-v0_35P02/lib/wrapper.jar:/users/dbc/soft/mpj-v0_35P02/lib/loader1.jar:/users/dbc/soft/mpj-v0_35P02/lib/log4j-1.2.11.jar:/users/dbc/soft/mpj-v0_35P02/lib/wrapper.jar
 DEBUG mpjdaemon  - 0: java
 DEBUG mpjdaemon  - 1: -cp
 DEBUG mpjdaemon  - 2: /users/dbc/soft/mpj-v0_35P02/lib/loader1.jar:/users/dbc/soft/mpj-v0_35P02/lib/log4j-1.2.11.jar:/users/dbc/soft/mpj-v0_35P02/lib/wrapper.jar:/users/dbc/soft/mpj-v0_35P02/lib/loader1.jar:/users/dbc/soft/mpj-v0_35P02/lib/log4j-1.2.11.jar:/users/dbc/soft/mpj-v0_35P02/lib/wrapper.jar
 DEBUG mpjdaemon  - 3: runtime.daemon.Wrapper
 DEBUG mpjdaemon  - 4: http://10.30.0.23:15000/
 DEBUG mpjdaemon  - 5: 2
 DEBUG mpjdaemon  - 6: niodev
 DEBUG mpjdaemon  - 7: 1
 DEBUG mpjdaemon  - 8: useRemoteLoader
 DEBUG mpjdaemon  - 9: http://10.30.0.23:15001/mpj.jar
 DEBUG mpjdaemon  - 10: HelloWorld
 DEBUG mpjdaemon  - 0: java
 DEBUG mpjdaemon  - 1: -cp
 DEBUG mpjdaemon  - 2: /users/dbc/soft/mpj-v0_35P02/lib/loader1.jar:/users/dbc/soft/mpj-v0_35P02/lib/log4j-1.2.11.jar:/users/dbc/soft/mpj-v0_35P02/lib/wrapper.jar:/users/dbc/soft/mpj-v0_35P02/lib/loader1.jar:/users/dbc/soft/mpj-v0_35P02/lib/log4j-1.2.11.jar:/users/dbc/soft/mpj-v0_35P02/lib/wrapper.jar
 DEBUG mpjdaemon  - 3: runtime.daemon.Wrapper
 DEBUG mpjdaemon  - 4: http://10.30.0.23:15000/
 DEBUG mpjdaemon  - 5: 2
 DEBUG mpjdaemon  - 6: niodev
 DEBUG mpjdaemon  - 7: 1
 DEBUG mpjdaemon  - 8: useRemoteLoader
 DEBUG mpjdaemon  - 9: http://10.30.0.23:15001/mpj.jar
 DEBUG mpjdaemon  - 10: HelloWorld
 DEBUG mpjdaemon  - starting the process 
 DEBUG mpjdaemon  - started the process 
 DEBUG mpjdaemon  - outputting ...
 DEBUG mpjdaemon  - outputting ...
 DEBUG mpjdaemon  - Stopping the output
 DEBUG mpjdaemon  - Checking whether peerChannel is closed or what ?Socket[addr=/10.30.0.23,port=56828,localport=10000]
 DEBUG mpjdaemon  - Closing it ...Socket[addr=/10.30.0.23,port=56828,localport=10000]
 DEBUG mpjdaemon  - Was already closed, or i closed it
 DEBUG mpjdaemon  - 

 ** .. execution ends .. ** 


 DEBUG mpjdaemon  - java.io.EOFException
	at java.io.DataInputStream.readInt(DataInputStream.java:392)
	at runtime.daemon.HandlerThread.run(MPJDaemon.java:263)

 DEBUG mpjdaemon  - Stopping the output
 DEBUG mpjdaemon  - java.net.SocketException: Broken pipe
	at java.net.SocketOutputStream.socketWrite0(Native Method)
	at java.net.SocketOutputStream.socketWrite(SocketOutputStream.java:113)
	at java.net.SocketOutputStream.write(SocketOutputStream.java:138)
	at java.io.DataOutputStream.writeInt(DataOutputStream.java:198)
	at runtime.daemon.HandlerThread.run(MPJDaemon.java:459)

 DEBUG mpjdaemon  - READ_EVENT (String)<url->
 DEBUG mpjdaemon  - url-
 DEBUG mpjdaemon  - URL Length -->24
 DEBUG mpjdaemon  - URL:<http://10.30.0.23:15000/>
 DEBUG mpjdaemon  - READ_EVENT (String)<num->
 DEBUG mpjdaemon  - num-
 DEBUG mpjdaemon  - should be 4, isit ? -->4
 DEBUG mpjdaemon  - Num of processes ==>2
 DEBUG mpjdaemon  - READ_EVENT (String)<arg->
 DEBUG mpjdaemon  - arg-
 DEBUG mpjdaemon  - argu len -->0
 DEBUG mpjdaemon  - READ_EVENT (String)<wdr->
 DEBUG mpjdaemon  - wdr-
 DEBUG mpjdaemon  - wdr-Length -->25
 DEBUG mpjdaemon  - wdir :</users/dbc/creche/mpjuser>
 DEBUG mpjdaemon  - READ_EVENT (String)<cls->
 DEBUG mpjdaemon  - cls-
 DEBUG mpjdaemon  - className length -->10
 DEBUG mpjdaemon  - className :<HelloWorld>
 DEBUG mpjdaemon  - READ_EVENT (String)<mul->
 DEBUG mpjdaemon  - mul-
 DEBUG mpjdaemon  - URL Length -->31
 DEBUG mpjdaemon  - mpjURL:<http://10.30.0.23:15001/mpj.jar>
 DEBUG mpjdaemon  - READ_EVENT (String)<dev->
 DEBUG mpjdaemon  - dev-
 DEBUG mpjdaemon  - dev-Length -->6
 DEBUG mpjdaemon  - Device Name :<niodev>
 DEBUG mpjdaemon  - READ_EVENT (String)<ldr->
 DEBUG mpjdaemon  - ldr-
 DEBUG mpjdaemon  - ldr-Length -->15
 DEBUG mpjdaemon  - ldr:<useRemoteLoader>
 DEBUG mpjdaemon  - READ_EVENT (String)<app->
 DEBUG mpjdaemon  - app-
 DEBUG mpjdaemon  - Application args Length -->0
 DEBUG mpjdaemon  - READ_EVENT (String)<*GO*>
 DEBUG mpjdaemon  - GO
 DEBUG mpjdaemon  - line read <# Number of Processes>
 DEBUG mpjdaemon  - line read <2>
 DEBUG mpjdaemon  - line read <# Protocol Switch Limit>
 DEBUG mpjdaemon  - line read <131072>
 DEBUG mpjdaemon  - line read <# Entry, HOST_NAME/IP@SERVERPORT@RANK>
 DEBUG mpjdaemon  - line read <login3@20008@0>
 DEBUG mpjdaemon  - rank_ 0
 DEBUG mpjdaemon  - modified: jArgs[0]=-cp
 DEBUG mpjdaemon  - modified: jArgs[1]=/users/dbc/soft/mpj-v0_35P02/lib/loader1.jar:/users/dbc/soft/mpj-v0_35P02/lib/log4j-1.2.11.jar:/users/dbc/soft/mpj-v0_35P02/lib/wrapper.jar
 DEBUG mpjdaemon  - 0: java
 DEBUG mpjdaemon  - 1: -cp
 DEBUG mpjdaemon  - 2: /users/dbc/soft/mpj-v0_35P02/lib/loader1.jar:/users/dbc/soft/mpj-v0_35P02/lib/log4j-1.2.11.jar:/users/dbc/soft/mpj-v0_35P02/lib/wrapper.jar
 DEBUG mpjdaemon  - 3: runtime.daemon.Wrapper
 DEBUG mpjdaemon  - 4: http://10.30.0.23:15000/
 DEBUG mpjdaemon  - 5: 2
 DEBUG mpjdaemon  - 6: niodev
 DEBUG mpjdaemon  - 7: 0
 DEBUG mpjdaemon  - 8: useRemoteLoader
 DEBUG mpjdaemon  - 9: http://10.30.0.23:15001/mpj.jar
 DEBUG mpjdaemon  - 10: HelloWorld
 DEBUG mpjdaemon  - 0: java
 DEBUG mpjdaemon  - 1: -cp
 DEBUG mpjdaemon  - 2: /users/dbc/soft/mpj-v0_35P02/lib/loader1.jar:/users/dbc/soft/mpj-v0_35P02/lib/log4j-1.2.11.jar:/users/dbc/soft/mpj-v0_35P02/lib/wrapper.jar
 DEBUG mpjdaemon  - 3: runtime.daemon.Wrapper
 DEBUG mpjdaemon  - 4: http://10.30.0.23:15000/
 DEBUG mpjdaemon  - 5: 2
 DEBUG mpjdaemon  - 6: niodev
 DEBUG mpjdaemon  - 7: 0
 DEBUG mpjdaemon  - 8: useRemoteLoader
 DEBUG mpjdaemon  - 9: http://10.30.0.23:15001/mpj.jar
 DEBUG mpjdaemon  - 10: HelloWorld
 DEBUG mpjdaemon  - starting the process 
 DEBUG mpjdaemon  - started the process 
 DEBUG mpjdaemon  - line read <login3@20010@1>
 DEBUG mpjdaemon  - rank_ 1
 DEBUG mpjdaemon  - jArgs[0]=-cp
 DEBUG mpjdaemon  - jArgs[1]=/users/dbc/soft/mpj-v0_35P02/lib/loader1.jar:/users/dbc/soft/mpj-v0_35P02/lib/log4j-1.2.11.jar:/users/dbc/soft/mpj-v0_35P02/lib/wrapper.jar
 DEBUG mpjdaemon  - modified: jArgs[0]=-cp
 DEBUG mpjdaemon  - modified: jArgs[1]=/users/dbc/soft/mpj-v0_35P02/lib/loader1.jar:/users/dbc/soft/mpj-v0_35P02/lib/log4j-1.2.11.jar:/users/dbc/soft/mpj-v0_35P02/lib/wrapper.jar:/users/dbc/soft/mpj-v0_35P02/lib/loader1.jar:/users/dbc/soft/mpj-v0_35P02/lib/log4j-1.2.11.jar:/users/dbc/soft/mpj-v0_35P02/lib/wrapper.jar
 DEBUG mpjdaemon  - 0: java
 DEBUG mpjdaemon  - 1: -cp
 DEBUG mpjdaemon  - 2: /users/dbc/soft/mpj-v0_35P02/lib/loader1.jar:/users/dbc/soft/mpj-v0_35P02/lib/log4j-1.2.11.jar:/users/dbc/soft/mpj-v0_35P02/lib/wrapper.jar:/users/dbc/soft/mpj-v0_35P02/lib/loader1.jar:/users/dbc/soft/mpj-v0_35P02/lib/log4j-1.2.11.jar:/users/dbc/soft/mpj-v0_35P02/lib/wrapper.jar
 DEBUG mpjdaemon  - 3: runtime.daemon.Wrapper
 DEBUG mpjdaemon  - 4: http://10.30.0.23:15000/
 DEBUG mpjdaemon  - 5: 2
 DEBUG mpjdaemon  - 6: niodev
 DEBUG mpjdaemon  - 7: 1
 DEBUG mpjdaemon  - 8: useRemoteLoader
 DEBUG mpjdaemon  - 9: http://10.30.0.23:15001/mpj.jar
 DEBUG mpjdaemon  - 10: HelloWorld
 DEBUG mpjdaemon  - 0: java
 DEBUG mpjdaemon  - 1: -cp
 DEBUG mpjdaemon  - 2: /users/dbc/soft/mpj-v0_35P02/lib/loader1.jar:/users/dbc/soft/mpj-v0_35P02/lib/log4j-1.2.11.jar:/users/dbc/soft/mpj-v0_35P02/lib/wrapper.jar:/users/dbc/soft/mpj-v0_35P02/lib/loader1.jar:/users/dbc/soft/mpj-v0_35P02/lib/log4j-1.2.11.jar:/users/dbc/soft/mpj-v0_35P02/lib/wrapper.jar
 DEBUG mpjdaemon  - 3: runtime.daemon.Wrapper
 DEBUG mpjdaemon  - 4: http://10.30.0.23:15000/
 DEBUG mpjdaemon  - 5: 2
 DEBUG mpjdaemon  - 6: niodev
 DEBUG mpjdaemon  - 7: 1
 DEBUG mpjdaemon  - 8: useRemoteLoader
 DEBUG mpjdaemon  - 9: http://10.30.0.23:15001/mpj.jar
 DEBUG mpjdaemon  - 10: HelloWorld
 DEBUG mpjdaemon  - starting the process 
 DEBUG mpjdaemon  - started the process 
 DEBUG mpjdaemon  - outputting ...
 DEBUG mpjdaemon  - outputting ...
 DEBUG mpjdaemon  - Stopping the output
 DEBUG mpjdaemon  - Checking whether peerChannel is closed or what ?Socket[addr=/10.30.0.23,port=57110,localport=10000]
 DEBUG mpjdaemon  - Closing it ...Socket[addr=/10.30.0.23,port=57110,localport=10000]
 DEBUG mpjdaemon  - Was already closed, or i closed it
 DEBUG mpjdaemon  - 

 ** .. execution ends .. ** 


